2019-05-13 13:59:30,404 CRIT Supervisor running as root (no user in config file)
2019-05-13 13:59:30,406 INFO Included extra file "/etc/supervisor/conf.d/supervisord.conf" during parsing
2019-05-13 13:59:30,525 INFO RPC interface 'supervisor' initialized
2019-05-13 13:59:30,526 CRIT Server 'unix_http_server' running without any HTTP authentication checking
2019-05-13 13:59:30,533 INFO supervisord started with pid 1
2019-05-13 13:59:31,558 INFO spawned: 'varnishd' with pid 15
2019-05-13 13:59:31,591 INFO spawned: 'php-fpm' with pid 16
2019-05-13 13:59:31,654 INFO spawned: 'varnish-plugins-watcher' with pid 17
2019-05-13 13:59:31,762 INFO spawned: 'nginx' with pid 18
2019-05-13 13:59:31,857 INFO spawned: 'MailHog' with pid 19
2019-05-13 13:59:31,905 INFO spawned: 'mysql' with pid 20
2019-05-13 13:59:32,072 INFO spawned: 'varnish-themes-watcher' with pid 21
2019-05-13 13:59:33,541 INFO success: varnishd entered RUNNING state, process has stayed up for > than 1 seconds (startsecs)
2019-05-13 13:59:33,543 INFO success: php-fpm entered RUNNING state, process has stayed up for > than 1 seconds (startsecs)
2019-05-13 13:59:33,544 INFO success: varnish-plugins-watcher entered RUNNING state, process has stayed up for > than 1 seconds (startsecs)
2019-05-13 13:59:33,545 INFO success: nginx entered RUNNING state, process has stayed up for > than 1 seconds (startsecs)
2019-05-13 13:59:33,547 INFO success: MailHog entered RUNNING state, process has stayed up for > than 1 seconds (startsecs)
2019-05-13 13:59:33,551 INFO success: mysql entered RUNNING state, process has stayed up for > than 1 seconds (startsecs)
2019-05-13 13:59:33,552 INFO success: varnish-themes-watcher entered RUNNING state, process has stayed up for > than 1 seconds (startsecs)
2019-05-15 13:36:46,299 WARN received SIGTERM indicating exit request
2019-05-15 13:36:46,338 INFO waiting for varnishd, php-fpm, varnish-plugins-watcher, nginx, MailHog, mysql, varnish-themes-watcher to die
2019-05-15 13:36:47,405 INFO stopped: varnish-themes-watcher (terminated by SIGTERM)
2019-05-15 13:36:47,863 INFO reaped unknown pid 16064
2019-05-15 13:36:48,013 INFO stopped: mysql (exit status 0)
2019-05-15 13:36:48,031 INFO stopped: MailHog (terminated by SIGTERM)
2019-05-15 13:36:48,175 INFO stopped: nginx (exit status 0)
2019-05-15 13:36:49,244 INFO stopped: varnish-plugins-watcher (terminated by SIGTERM)
2019-05-15 13:36:49,708 INFO stopped: php-fpm (exit status 0)
2019-05-15 13:36:49,731 INFO waiting for varnishd to die
2019-05-15 13:36:51,544 INFO reaped unknown pid 16069
2019-05-15 13:36:52,319 INFO reaped unknown pid 30
2019-05-15 13:36:52,468 INFO stopped: varnishd (exit status 0)
2019-05-16 09:14:10,787 CRIT Supervisor running as root (no user in config file)
2019-05-16 09:14:10,805 INFO Included extra file "/etc/supervisor/conf.d/supervisord.conf" during parsing
2019-05-16 09:14:12,570 INFO RPC interface 'supervisor' initialized
2019-05-16 09:14:12,571 CRIT Server 'unix_http_server' running without any HTTP authentication checking
2019-05-16 09:14:12,621 INFO supervisord started with pid 1
2019-05-16 09:14:14,175 INFO spawned: 'varnishd' with pid 66
2019-05-16 09:14:14,438 INFO spawned: 'php-fpm' with pid 70
2019-05-16 09:14:14,550 INFO spawned: 'varnish-plugins-watcher' with pid 71
2019-05-16 09:14:14,695 INFO spawned: 'nginx' with pid 72
2019-05-16 09:14:14,776 INFO spawned: 'MailHog' with pid 73
2019-05-16 09:14:14,852 INFO spawned: 'mysql' with pid 74
2019-05-16 09:14:14,944 INFO spawned: 'varnish-themes-watcher' with pid 75
2019-05-16 09:14:15,049 INFO success: varnishd entered RUNNING state, process has stayed up for > than 1 seconds (startsecs)
2019-05-16 09:14:15,719 INFO success: php-fpm entered RUNNING state, process has stayed up for > than 1 seconds (startsecs)
2019-05-16 09:14:15,721 INFO success: varnish-plugins-watcher entered RUNNING state, process has stayed up for > than 1 seconds (startsecs)
2019-05-16 09:14:15,722 INFO success: nginx entered RUNNING state, process has stayed up for > than 1 seconds (startsecs)
2019-05-16 09:14:15,746 INFO success: MailHog entered RUNNING state, process has stayed up for > than 1 seconds (startsecs)
2019-05-16 09:14:16,394 INFO success: mysql entered RUNNING state, process has stayed up for > than 1 seconds (startsecs)
2019-05-16 09:14:16,396 INFO success: varnish-themes-watcher entered RUNNING state, process has stayed up for > than 1 seconds (startsecs)
