[13-May-2019 13:59:32] NOTICE: fpm is running, pid 16
[13-May-2019 13:59:32] NOTICE: ready to handle connections
[15-May-2019 13:36:49] NOTICE: Terminating ...
[15-May-2019 13:36:49] NOTICE: exiting, bye-bye!
[16-May-2019 09:14:18] NOTICE: fpm is running, pid 70
[16-May-2019 09:14:18] NOTICE: ready to handle connections
[17-May-2019 17:32:38] NOTICE: Terminating ...
[17-May-2019 17:32:38] NOTICE: exiting, bye-bye!
[18-May-2019 10:49:12] NOTICE: fpm is running, pid 89
[18-May-2019 10:49:12] NOTICE: ready to handle connections
[18-May-2019 21:55:52] WARNING: [pool www] server reached pm.max_children setting (5), consider raising it
[18-May-2019 21:58:07] WARNING: [pool www] server reached pm.max_children setting (5), consider raising it
[18-May-2019 21:58:33] WARNING: [pool www] server reached pm.max_children setting (5), consider raising it
[18-May-2019 22:00:55] WARNING: [pool www] server reached pm.max_children setting (5), consider raising it
[19-May-2019 14:15:46] WARNING: [pool www] server reached pm.max_children setting (5), consider raising it
[19-May-2019 16:48:32] WARNING: [pool www] server reached pm.max_children setting (5), consider raising it
[19-May-2019 18:02:11] WARNING: [pool www] server reached pm.max_children setting (5), consider raising it
[19-May-2019 18:03:41] WARNING: [pool www] server reached pm.max_children setting (5), consider raising it
[20-May-2019 22:11:30] NOTICE: Terminating ...
[20-May-2019 22:11:30] NOTICE: exiting, bye-bye!
[21-May-2019 11:53:49] NOTICE: fpm is running, pid 54
[21-May-2019 11:53:49] NOTICE: ready to handle connections
[21-May-2019 13:20:40] WARNING: [pool www] server reached pm.max_children setting (5), consider raising it
[21-May-2019 13:21:52] WARNING: [pool www] server reached pm.max_children setting (5), consider raising it
[21-May-2019 13:22:17] WARNING: [pool www] server reached pm.max_children setting (5), consider raising it
[21-May-2019 13:23:15] WARNING: [pool www] server reached pm.max_children setting (5), consider raising it
[21-May-2019 13:23:49] WARNING: [pool www] server reached pm.max_children setting (5), consider raising it
[21-May-2019 13:26:25] WARNING: [pool www] server reached pm.max_children setting (5), consider raising it
[21-May-2019 13:27:25] WARNING: [pool www] server reached pm.max_children setting (5), consider raising it
[21-May-2019 13:27:38] WARNING: [pool www] server reached pm.max_children setting (5), consider raising it
[21-May-2019 13:29:03] WARNING: [pool www] server reached pm.max_children setting (5), consider raising it
[21-May-2019 13:30:04] WARNING: [pool www] server reached pm.max_children setting (5), consider raising it
[21-May-2019 13:31:03] WARNING: [pool www] server reached pm.max_children setting (5), consider raising it
[22-May-2019 21:47:45] WARNING: [pool www] server reached pm.max_children setting (5), consider raising it
[22-May-2019 21:56:52] WARNING: [pool www] server reached pm.max_children setting (5), consider raising it
[22-May-2019 22:33:38] NOTICE: Terminating ...
[22-May-2019 22:33:38] NOTICE: exiting, bye-bye!
[23-May-2019 10:22:43] NOTICE: fpm is running, pid 85
[23-May-2019 10:22:43] NOTICE: ready to handle connections
[23-May-2019 17:05:04] WARNING: [pool www] server reached pm.max_children setting (5), consider raising it
[23-May-2019 17:07:47] WARNING: [pool www] server reached pm.max_children setting (5), consider raising it
[23-May-2019 17:25:39] WARNING: [pool www] server reached pm.max_children setting (5), consider raising it
[23-May-2019 17:32:28] WARNING: [pool www] server reached pm.max_children setting (5), consider raising it
[24-May-2019 10:10:43] WARNING: [pool www] server reached pm.max_children setting (5), consider raising it
[24-May-2019 21:30:55] NOTICE: Terminating ...
[24-May-2019 21:30:55] NOTICE: exiting, bye-bye!
[25-May-2019 16:47:41] NOTICE: fpm is running, pid 43
[25-May-2019 16:47:41] NOTICE: ready to handle connections
[25-May-2019 19:10:38] WARNING: [pool www] server reached pm.max_children setting (5), consider raising it
[25-May-2019 19:18:23] WARNING: [pool www] server reached pm.max_children setting (5), consider raising it
[26-May-2019 08:51:13] WARNING: [pool www] server reached pm.max_children setting (5), consider raising it
[26-May-2019 09:12:45] WARNING: [pool www] server reached pm.max_children setting (5), consider raising it
[26-May-2019 09:17:35] WARNING: [pool www] server reached pm.max_children setting (5), consider raising it
[26-May-2019 16:10:35] WARNING: [pool www] server reached pm.max_children setting (5), consider raising it
[26-May-2019 16:11:35] WARNING: [pool www] server reached pm.max_children setting (5), consider raising it
[26-May-2019 16:19:12] WARNING: [pool www] server reached pm.max_children setting (5), consider raising it
[26-May-2019 18:20:33] WARNING: [pool www] server reached pm.max_children setting (5), consider raising it
[26-May-2019 18:22:09] WARNING: [pool www] server reached pm.max_children setting (5), consider raising it
[26-May-2019 18:23:19] WARNING: [pool www] server reached pm.max_children setting (5), consider raising it
[26-May-2019 18:26:10] WARNING: [pool www] server reached pm.max_children setting (5), consider raising it
[26-May-2019 18:31:27] WARNING: [pool www] server reached pm.max_children setting (5), consider raising it
[26-May-2019 18:36:28] WARNING: [pool www] server reached pm.max_children setting (5), consider raising it
[26-May-2019 18:48:18] WARNING: [pool www] server reached pm.max_children setting (5), consider raising it
[26-May-2019 19:38:55] WARNING: [pool www] server reached pm.max_children setting (5), consider raising it
[26-May-2019 22:06:09] NOTICE: Terminating ...
[26-May-2019 22:06:09] NOTICE: exiting, bye-bye!
[27-May-2019 11:28:41] NOTICE: fpm is running, pid 53
[27-May-2019 11:28:41] NOTICE: ready to handle connections
[27-May-2019 14:05:14] WARNING: [pool www] server reached pm.max_children setting (5), consider raising it
[27-May-2019 14:07:16] WARNING: [pool www] server reached pm.max_children setting (5), consider raising it
[27-May-2019 14:09:44] WARNING: [pool www] server reached pm.max_children setting (5), consider raising it
[27-May-2019 14:10:53] WARNING: [pool www] server reached pm.max_children setting (5), consider raising it
[27-May-2019 14:13:37] WARNING: [pool www] server reached pm.max_children setting (5), consider raising it
[27-May-2019 21:44:15] WARNING: [pool www] server reached pm.max_children setting (5), consider raising it
[28-May-2019 14:11:26] WARNING: [pool www] server reached pm.max_children setting (5), consider raising it
[28-May-2019 17:35:12] WARNING: [pool www] server reached pm.max_children setting (5), consider raising it
[28-May-2019 17:43:20] WARNING: [pool www] server reached pm.max_children setting (5), consider raising it
[28-May-2019 17:48:47] WARNING: [pool www] server reached pm.max_children setting (5), consider raising it
[28-May-2019 17:49:34] WARNING: [pool www] server reached pm.max_children setting (5), consider raising it
[28-May-2019 17:50:39] WARNING: [pool www] server reached pm.max_children setting (5), consider raising it
[28-May-2019 17:53:16] WARNING: [pool www] server reached pm.max_children setting (5), consider raising it
[28-May-2019 17:53:41] WARNING: [pool www] server reached pm.max_children setting (5), consider raising it
[28-May-2019 17:56:04] WARNING: [pool www] server reached pm.max_children setting (5), consider raising it
[28-May-2019 18:11:51] WARNING: [pool www] server reached pm.max_children setting (5), consider raising it
[28-May-2019 18:34:53] NOTICE: Terminating ...
[28-May-2019 18:34:53] NOTICE: exiting, bye-bye!
[28-May-2019 18:42:52] NOTICE: fpm is running, pid 10
[28-May-2019 18:42:52] NOTICE: ready to handle connections
[28-May-2019 18:45:47] NOTICE: Terminating ...
[28-May-2019 18:45:47] NOTICE: exiting, bye-bye!
[29-May-2019 13:29:51] NOTICE: fpm is running, pid 43
[29-May-2019 13:29:51] NOTICE: ready to handle connections
[29-May-2019 14:12:40] WARNING: [pool www] server reached pm.max_children setting (5), consider raising it
[29-May-2019 19:15:22] WARNING: [pool www] server reached pm.max_children setting (5), consider raising it
[29-May-2019 19:16:25] WARNING: [pool www] server reached pm.max_children setting (5), consider raising it
[29-May-2019 19:19:25] WARNING: [pool www] server reached pm.max_children setting (5), consider raising it
[29-May-2019 19:26:25] WARNING: [pool www] server reached pm.max_children setting (5), consider raising it
[29-May-2019 20:24:56] WARNING: [pool www] server reached pm.max_children setting (5), consider raising it
[29-May-2019 20:27:57] WARNING: [pool www] server reached pm.max_children setting (5), consider raising it
[29-May-2019 21:56:44] WARNING: [pool www] server reached pm.max_children setting (5), consider raising it
[29-May-2019 22:01:50] WARNING: [pool www] server reached pm.max_children setting (5), consider raising it
[29-May-2019 22:04:51] WARNING: [pool www] server reached pm.max_children setting (5), consider raising it
[29-May-2019 22:12:38] WARNING: [pool www] server reached pm.max_children setting (5), consider raising it
[29-May-2019 22:17:26] WARNING: [pool www] server reached pm.max_children setting (5), consider raising it
[29-May-2019 22:21:01] WARNING: [pool www] server reached pm.max_children setting (5), consider raising it
[29-May-2019 22:28:34] NOTICE: Terminating ...
[29-May-2019 22:28:34] NOTICE: exiting, bye-bye!
[31-May-2019 13:34:10] NOTICE: fpm is running, pid 49
[31-May-2019 13:34:10] NOTICE: ready to handle connections
[31-May-2019 17:01:36] WARNING: [pool www] server reached pm.max_children setting (5), consider raising it
[31-May-2019 17:54:30] WARNING: [pool www] server reached pm.max_children setting (5), consider raising it
[31-May-2019 18:17:25] NOTICE: Terminating ...
[31-May-2019 18:17:26] NOTICE: exiting, bye-bye!
[04-Jun-2019 10:42:09] NOTICE: fpm is running, pid 61
[04-Jun-2019 10:42:09] NOTICE: ready to handle connections
[05-Jun-2019 06:03:03] NOTICE: Terminating ...
[05-Jun-2019 06:03:03] NOTICE: exiting, bye-bye!
[07-Jun-2019 00:29:23] NOTICE: fpm is running, pid 61
[07-Jun-2019 00:29:23] NOTICE: ready to handle connections
[07-Jun-2019 01:24:04] WARNING: [pool www] server reached pm.max_children setting (5), consider raising it
[07-Jun-2019 01:25:19] WARNING: [pool www] server reached pm.max_children setting (5), consider raising it
[07-Jun-2019 01:26:17] WARNING: [pool www] server reached pm.max_children setting (5), consider raising it
[07-Jun-2019 01:39:06] WARNING: [pool www] server reached pm.max_children setting (5), consider raising it
[07-Jun-2019 10:20:29] NOTICE: fpm is running, pid 84
[07-Jun-2019 10:20:29] NOTICE: ready to handle connections
[09-Jun-2019 10:18:56] WARNING: [pool www] server reached pm.max_children setting (5), consider raising it
[09-Jun-2019 10:43:09] WARNING: [pool www] server reached pm.max_children setting (5), consider raising it
[09-Jun-2019 10:47:07] WARNING: [pool www] server reached pm.max_children setting (5), consider raising it
[09-Jun-2019 13:17:59] WARNING: [pool www] server reached pm.max_children setting (5), consider raising it
[09-Jun-2019 13:26:54] WARNING: [pool www] server reached pm.max_children setting (5), consider raising it
[09-Jun-2019 13:27:30] WARNING: [pool www] server reached pm.max_children setting (5), consider raising it
[09-Jun-2019 13:31:39] WARNING: [pool www] server reached pm.max_children setting (5), consider raising it
[09-Jun-2019 14:15:03] WARNING: [pool www] server reached pm.max_children setting (5), consider raising it
[09-Jun-2019 14:17:35] WARNING: [pool www] server reached pm.max_children setting (5), consider raising it
[09-Jun-2019 16:28:07] WARNING: [pool www] server reached pm.max_children setting (5), consider raising it
[09-Jun-2019 16:41:39] WARNING: [pool www] server reached pm.max_children setting (5), consider raising it
[09-Jun-2019 16:42:37] WARNING: [pool www] server reached pm.max_children setting (5), consider raising it
[09-Jun-2019 16:43:26] WARNING: [pool www] server reached pm.max_children setting (5), consider raising it
[09-Jun-2019 16:45:58] WARNING: [pool www] server reached pm.max_children setting (5), consider raising it
[09-Jun-2019 16:46:33] WARNING: [pool www] server reached pm.max_children setting (5), consider raising it
[09-Jun-2019 16:54:36] WARNING: [pool www] server reached pm.max_children setting (5), consider raising it
[09-Jun-2019 17:01:34] WARNING: [pool www] server reached pm.max_children setting (5), consider raising it
[13-Jun-2019 00:43:15] WARNING: [pool www] server reached pm.max_children setting (5), consider raising it
[13-Jun-2019 00:51:09] WARNING: [pool www] server reached pm.max_children setting (5), consider raising it
[13-Jun-2019 00:56:08] WARNING: [pool www] server reached pm.max_children setting (5), consider raising it
[13-Jun-2019 00:58:11] WARNING: [pool www] server reached pm.max_children setting (5), consider raising it
[13-Jun-2019 10:29:47] WARNING: [pool www] server reached pm.max_children setting (5), consider raising it
[13-Jun-2019 17:16:57] NOTICE: Terminating ...
[13-Jun-2019 17:16:57] NOTICE: exiting, bye-bye!
[14-Jun-2019 05:47:59] NOTICE: fpm is running, pid 49
[14-Jun-2019 05:47:59] NOTICE: ready to handle connections
[14-Jun-2019 10:32:45] WARNING: [pool www] server reached pm.max_children setting (5), consider raising it
